{
  "/Users/marcgirbaubretcha/Desktop/programming/bootcamp/week6/w6chwe-back.nosync/src/CustomError/CustomError.ts": {
    "path": "/Users/marcgirbaubretcha/Desktop/programming/bootcamp/week6/w6chwe-back.nosync/src/CustomError/CustomError.ts",
    "statementMap": {
      "0": {
        "start": { "line": 9, "column": 4 },
        "end": { "line": 9, "column": 19 }
      },
      "1": {
        "start": { "line": 6, "column": 11 },
        "end": { "line": 6, "column": 29 }
      },
      "2": {
        "start": { "line": 7, "column": 11 },
        "end": { "line": 7, "column": 32 }
      },
      "3": {
        "start": { "line": 1, "column": 0 },
        "end": { "line": 1, "column": 13 }
      }
    },
    "fnMap": {
      "0": {
        "name": "(anonymous_0)",
        "decl": {
          "start": { "line": 4, "column": 2 },
          "end": { "line": 4, "column": null }
        },
        "loc": {
          "start": { "line": 7, "column": 32 },
          "end": { "line": 10, "column": 3 }
        }
      }
    },
    "branchMap": {},
    "s": { "0": 2, "1": 2, "2": 2, "3": 2 },
    "f": { "0": 2 },
    "b": {}
  },
  "/Users/marcgirbaubretcha/Desktop/programming/bootcamp/week6/w6chwe-back.nosync/src/server/controllers/robotsControllers.ts": {
    "path": "/Users/marcgirbaubretcha/Desktop/programming/bootcamp/week6/w6chwe-back.nosync/src/server/controllers/robotsControllers.ts",
    "statementMap": {
      "0": {
        "start": { "line": 3, "column": 0 },
        "end": { "line": 3, "column": 63 }
      },
      "1": {
        "start": { "line": 5, "column": 25 },
        "end": { "line": 21, "column": 1 }
      },
      "2": {
        "start": { "line": 10, "column": 2 },
        "end": { "line": 20, "column": null }
      },
      "3": {
        "start": { "line": 11, "column": 4 },
        "end": { "line": 11, "column": 41 }
      },
      "4": {
        "start": { "line": 13, "column": 24 },
        "end": { "line": 16, "column": null }
      },
      "5": {
        "start": { "line": 19, "column": 4 },
        "end": { "line": 19, "column": 22 }
      },
      "6": {
        "start": { "line": 5, "column": 13 },
        "end": { "line": 5, "column": 25 }
      }
    },
    "fnMap": {
      "0": {
        "name": "(anonymous_0)",
        "decl": {
          "start": { "line": 5, "column": 25 },
          "end": { "line": 5, "column": 30 }
        },
        "loc": {
          "start": { "line": 9, "column": 4 },
          "end": { "line": 21, "column": 1 }
        }
      }
    },
    "branchMap": {},
    "s": { "0": 1, "1": 1, "2": 2, "3": 2, "4": 0, "5": 0, "6": 1 },
    "f": { "0": 2 },
    "b": {}
  },
  "/Users/marcgirbaubretcha/Desktop/programming/bootcamp/week6/w6chwe-back.nosync/src/server/middlewares/errorMiddlewares.ts": {
    "path": "/Users/marcgirbaubretcha/Desktop/programming/bootcamp/week6/w6chwe-back.nosync/src/server/middlewares/errorMiddlewares.ts",
    "statementMap": {
      "0": {
        "start": { "line": 2, "column": 0 },
        "end": { "line": 2, "column": 32 }
      },
      "1": {
        "start": { "line": 3, "column": 0 },
        "end": { "line": 3, "column": 63 }
      },
      "2": {
        "start": { "line": 5, "column": 13 },
        "end": { "line": 5, "column": 50 }
      },
      "3": {
        "start": { "line": 7, "column": 29 },
        "end": { "line": 15, "column": 1 }
      },
      "4": {
        "start": { "line": 12, "column": 16 },
        "end": { "line": 12, "column": 76 }
      },
      "5": {
        "start": { "line": 14, "column": 2 },
        "end": { "line": 14, "column": 14 }
      },
      "6": {
        "start": { "line": 7, "column": 13 },
        "end": { "line": 7, "column": 29 }
      },
      "7": {
        "start": { "line": 17, "column": 28 },
        "end": { "line": 27, "column": 1 }
      },
      "8": {
        "start": { "line": 22, "column": 2 },
        "end": { "line": 22, "column": 23 }
      },
      "9": {
        "start": { "line": 24, "column": 2 },
        "end": { "line": 26, "column": 68 }
      },
      "10": {
        "start": { "line": 17, "column": 13 },
        "end": { "line": 17, "column": 28 }
      }
    },
    "fnMap": {
      "0": {
        "name": "(anonymous_1)",
        "decl": {
          "start": { "line": 7, "column": 29 },
          "end": { "line": 7, "column": null }
        },
        "loc": {
          "start": { "line": 11, "column": 4 },
          "end": { "line": 15, "column": 1 }
        }
      },
      "1": {
        "name": "(anonymous_2)",
        "decl": {
          "start": { "line": 17, "column": 28 },
          "end": { "line": 17, "column": null }
        },
        "loc": {
          "start": { "line": 21, "column": 4 },
          "end": { "line": 27, "column": 1 }
        }
      }
    },
    "branchMap": {
      "0": {
        "loc": {
          "start": { "line": 25, "column": 12 },
          "end": { "line": 25, "column": 35 }
        },
        "type": "binary-expr",
        "locations": [
          {
            "start": { "line": 25, "column": 12 },
            "end": { "line": 25, "column": 28 }
          },
          {
            "start": { "line": 25, "column": 32 },
            "end": { "line": 25, "column": 35 }
          }
        ]
      },
      "1": {
        "loc": {
          "start": { "line": 26, "column": 19 },
          "end": { "line": 26, "column": 64 }
        },
        "type": "binary-expr",
        "locations": [
          {
            "start": { "line": 26, "column": 19 },
            "end": { "line": 26, "column": 38 }
          },
          {
            "start": { "line": 26, "column": 42 },
            "end": { "line": 26, "column": 64 }
          }
        ]
      }
    },
    "s": {
      "0": 1,
      "1": 1,
      "2": 1,
      "3": 1,
      "4": 1,
      "5": 1,
      "6": 1,
      "7": 1,
      "8": 1,
      "9": 1,
      "10": 1
    },
    "f": { "0": 1, "1": 1 },
    "b": { "0": [1, 0], "1": [1, 0] }
  }
}
